\BOOKMARK [0][]{chapter*.1}{Abstract}{}% 1
\BOOKMARK [0][]{section*.2}{Contents}{}% 2
\BOOKMARK [0][]{section*.4}{List of Figures}{}% 3
\BOOKMARK [0][]{section*.6}{List of Tables}{}% 4
\BOOKMARK [0][]{section*.8}{List of Source code}{}% 5
\BOOKMARK [0][]{chapter.1}{1 Introduction}{}% 6
\BOOKMARK [0][]{chapter.2}{2 Analysis}{}% 7
\BOOKMARK [1][-]{section.2.1}{2.1 Choice of diagram}{chapter.2}% 8
\BOOKMARK [2][-]{subsection.2.1.1}{2.1.1 Risks}{section.2.1}% 9
\BOOKMARK [0][]{chapter.3}{3 Design \046 Implementation}{}% 10
\BOOKMARK [1][-]{section.3.1}{3.1 GUI}{chapter.3}% 11
\BOOKMARK [2][-]{subsection.3.1.1}{3.1.1 Editable classes}{section.3.1}% 12
\BOOKMARK [2][-]{subsection.3.1.2}{3.1.2 Movable classes}{section.3.1}% 13
\BOOKMARK [2][-]{subsection.3.1.3}{3.1.3 Undo and redo}{section.3.1}% 14
\BOOKMARK [2][-]{subsection.3.1.4}{3.1.4 Relations}{section.3.1}% 15
\BOOKMARK [2][-]{subsection.3.1.5}{3.1.5 Menu and shortcuts}{section.3.1}% 16
\BOOKMARK [2][-]{subsection.3.1.6}{3.1.6 Status bar}{section.3.1}% 17
\BOOKMARK [1][-]{section.3.2}{3.2 Application layer}{chapter.3}% 18
\BOOKMARK [2][-]{subsection.3.2.1}{3.2.1 dll}{section.3.2}% 19
\BOOKMARK [2][-]{subsection.3.2.2}{3.2.2 Save and load}{section.3.2}% 20
\BOOKMARK [1][-]{section.3.3}{3.3 Design patterns}{chapter.3}% 21
\BOOKMARK [1][-]{section.3.4}{3.4 Tests}{chapter.3}% 22
\BOOKMARK [1][-]{section.3.5}{3.5 Noget der ikke er udnervist i}{chapter.3}% 23
\BOOKMARK [0][]{chapter.4}{4 Conclusion}{}% 24
\BOOKMARK [1][-]{section.4.1}{4.1 Future work}{chapter.4}% 25
\BOOKMARK [2][-]{subsection.4.1.1}{4.1.1 Code scaffold}{section.4.1}% 26
\BOOKMARK [2][-]{subsection.4.1.2}{4.1.2 Export}{section.4.1}% 27
\BOOKMARK [2][-]{subsection.4.1.3}{4.1.3 Code scaffold}{section.4.1}% 28
\BOOKMARK [0][]{section*.12}{Appendix}{}% 29
\BOOKMARK [0][]{appendix.A}{A Use cases}{}% 30
\BOOKMARK [1][-]{section.A.1}{A.1 Create a class}{appendix.A}% 31
\BOOKMARK [1][-]{section.A.2}{A.2 Remove a class}{appendix.A}% 32
\BOOKMARK [1][-]{section.A.3}{A.3 Edit a class}{appendix.A}% 33
\BOOKMARK [1][-]{section.A.4}{A.4 Move a class}{appendix.A}% 34
\BOOKMARK [1][-]{section.A.5}{A.5 Save a file}{appendix.A}% 35
\BOOKMARK [1][-]{section.A.6}{A.6 Open a file}{appendix.A}% 36
